2018-12-07 13:03:34 [restartedMain] INFO  com.example.demo.AppApplication - Starting AppApplication on Srikeshs-MBP with PID 2536 (/Users/srikeshnagoji/Documents/javaworkspace/app/target/classes started by srikeshnagoji in /Users/srikeshnagoji/Documents/javaworkspace/app)
2018-12-07 13:03:34 [restartedMain] INFO  com.example.demo.AppApplication - No active profile set, falling back to default profiles: default
2018-12-07 13:03:35 [restartedMain] INFO  o.s.d.r.c.RepositoryConfigurationDelegate - Bootstrapping Spring Data repositories in DEFAULT mode.
2018-12-07 13:03:35 [restartedMain] INFO  o.s.d.r.c.RepositoryConfigurationDelegate - Finished Spring Data repository scanning in 16ms. Found 2 repository interfaces.
2018-12-07 13:03:35 [restartedMain] INFO  o.s.c.s.PostProcessorRegistrationDelegate$BeanPostProcessorChecker - Bean 'org.springframework.transaction.annotation.ProxyTransactionManagementConfiguration' of type [org.springframework.transaction.annotation.ProxyTransactionManagementConfiguration$$EnhancerBySpringCGLIB$$e3bdef6] is not eligible for getting processed by all BeanPostProcessors (for example: not eligible for auto-proxying)
2018-12-07 13:03:35 [restartedMain] INFO  o.s.c.s.PostProcessorRegistrationDelegate$BeanPostProcessorChecker - Bean 'org.springframework.hateoas.config.HateoasConfiguration' of type [org.springframework.hateoas.config.HateoasConfiguration$$EnhancerBySpringCGLIB$$8dbc2c28] is not eligible for getting processed by all BeanPostProcessors (for example: not eligible for auto-proxying)
2018-12-07 13:03:35 [restartedMain] INFO  o.s.b.w.e.tomcat.TomcatWebServer - Tomcat initialized with port(s): 8080 (http)
2018-12-07 13:03:35 [restartedMain] INFO  o.a.catalina.core.StandardService - Starting service [Tomcat]
2018-12-07 13:03:35 [restartedMain] INFO  o.a.catalina.core.StandardEngine - Starting Servlet Engine: Apache Tomcat/9.0.12
2018-12-07 13:03:35 [restartedMain] INFO  o.a.c.c.C.[Tomcat].[localhost].[/] - Initializing Spring embedded WebApplicationContext
2018-12-07 13:03:35 [restartedMain] INFO  o.s.web.context.ContextLoader - Root WebApplicationContext: initialization completed in 780 ms
2018-12-07 13:03:35 [restartedMain] INFO  o.s.b.w.s.ServletRegistrationBean - Servlet dispatcherServlet mapped to [/]
2018-12-07 13:03:35 [restartedMain] INFO  o.s.b.w.s.ServletRegistrationBean - Servlet webServlet mapped to [/h2-console/*]
2018-12-07 13:03:35 [restartedMain] INFO  o.s.b.w.s.FilterRegistrationBean - Mapping filter: 'characterEncodingFilter' to: [/*]
2018-12-07 13:03:35 [restartedMain] INFO  o.s.b.w.s.FilterRegistrationBean - Mapping filter: 'hiddenHttpMethodFilter' to: [/*]
2018-12-07 13:03:35 [restartedMain] INFO  o.s.b.w.s.FilterRegistrationBean - Mapping filter: 'formContentFilter' to: [/*]
2018-12-07 13:03:35 [restartedMain] INFO  o.s.b.w.s.FilterRegistrationBean - Mapping filter: 'requestContextFilter' to: [/*]
2018-12-07 13:03:35 [restartedMain] INFO  com.zaxxer.hikari.HikariDataSource - HikariPool-3 - Starting...
2018-12-07 13:03:35 [restartedMain] INFO  com.zaxxer.hikari.HikariDataSource - HikariPool-3 - Start completed.
2018-12-07 13:03:35 [restartedMain] INFO  o.h.jpa.internal.util.LogHelper - HHH000204: Processing PersistenceUnitInfo [
	name: default
	...]
2018-12-07 13:03:35 [restartedMain] INFO  org.hibernate.dialect.Dialect - HHH000400: Using dialect: org.hibernate.dialect.H2Dialect
2018-12-07 13:03:35 [restartedMain] INFO  o.s.o.j.LocalContainerEntityManagerFactoryBean - Initialized JPA EntityManagerFactory for persistence unit 'default'
2018-12-07 13:03:35 [restartedMain] INFO  o.s.b.d.a.OptionalLiveReloadServer - LiveReload server is running on port 35729
2018-12-07 13:03:36 [restartedMain] WARN  o.s.b.a.o.j.JpaBaseConfiguration$JpaWebConfiguration$JpaWebMvcConfiguration - spring.jpa.open-in-view is enabled by default. Therefore, database queries may be performed during view rendering. Explicitly configure spring.jpa.open-in-view to disable this warning
2018-12-07 13:03:36 [restartedMain] INFO  s.d.s.w.PropertySourcedRequestMappingHandlerMapping - Mapped URL path [/v2/api-docs] onto method [public org.springframework.http.ResponseEntity<springfox.documentation.spring.web.json.Json> springfox.documentation.swagger2.web.Swagger2Controller.getDocumentation(java.lang.String,javax.servlet.http.HttpServletRequest)]
2018-12-07 13:03:36 [restartedMain] INFO  o.s.s.c.ThreadPoolTaskExecutor - Initializing ExecutorService 'applicationTaskExecutor'
2018-12-07 13:03:36 [restartedMain] INFO  s.d.s.w.p.DocumentationPluginsBootstrapper - Context refreshed
2018-12-07 13:03:36 [restartedMain] INFO  s.d.s.w.p.DocumentationPluginsBootstrapper - Found 1 custom documentation plugin(s)
2018-12-07 13:03:36 [restartedMain] INFO  s.d.s.w.s.ApiListingReferenceScanner - Scanning for api listing references
2018-12-07 13:03:36 [restartedMain] INFO  s.d.s.w.r.o.CachingOperationNameGenerator - Generating unique operation named: findAllByAdvPredicateUsingGET_1
2018-12-07 13:03:36 [restartedMain] INFO  o.s.b.w.e.tomcat.TomcatWebServer - Tomcat started on port(s): 8080 (http) with context path ''
2018-12-07 13:03:36 [restartedMain] INFO  com.example.demo.AppApplication - Started AppApplication in 1.881 seconds (JVM running for 166.065)
2018-12-07 13:03:36 [restartedMain] INFO  o.s.b.d.a.ConditionEvaluationDeltaLoggingListener - Condition evaluation unchanged
2018-12-07 13:03:36 [restartedMain] ERROR com.example.demo.AppApplication - Message logged at ERROR level
2018-12-07 13:03:36 [restartedMain] WARN  com.example.demo.AppApplication - Message logged at WARN level
2018-12-07 13:03:36 [restartedMain] INFO  com.example.demo.AppApplication - Message logged at INFO level
2018-12-07 13:03:39 [RMI TCP Connection(2)-127.0.0.1] INFO  o.s.b.a.SpringApplicationAdminMXBeanRegistrar$SpringApplicationAdmin - Application shutdown requested.
2018-12-07 13:03:39 [RMI TCP Connection(2)-127.0.0.1] INFO  o.s.s.c.ThreadPoolTaskExecutor - Shutting down ExecutorService 'applicationTaskExecutor'
2018-12-07 13:03:39 [RMI TCP Connection(2)-127.0.0.1] INFO  o.s.o.j.LocalContainerEntityManagerFactoryBean - Closing JPA EntityManagerFactory for persistence unit 'default'
2018-12-07 13:03:39 [RMI TCP Connection(2)-127.0.0.1] INFO  com.zaxxer.hikari.HikariDataSource - HikariPool-3 - Shutdown initiated...
2018-12-07 13:03:39 [RMI TCP Connection(2)-127.0.0.1] INFO  com.zaxxer.hikari.HikariDataSource - HikariPool-3 - Shutdown completed.
2018-12-07 13:05:49 [restartedMain] INFO  com.example.demo.AppApplication - Starting AppApplication on Srikeshs-MBP with PID 2585 (/Users/srikeshnagoji/Documents/javaworkspace/app/target/classes started by srikeshnagoji in /Users/srikeshnagoji/Documents/javaworkspace/app)
2018-12-07 13:05:49 [restartedMain] INFO  com.example.demo.AppApplication - No active profile set, falling back to default profiles: default
2018-12-07 13:05:49 [restartedMain] INFO  o.s.b.d.e.DevToolsPropertyDefaultsPostProcessor - Devtools property defaults active! Set 'spring.devtools.add-properties' to 'false' to disable
2018-12-07 13:05:49 [restartedMain] INFO  o.s.b.d.e.DevToolsPropertyDefaultsPostProcessor - For additional web related logging consider setting the 'logging.level.web' property to 'DEBUG'
2018-12-07 13:05:50 [restartedMain] INFO  o.s.d.r.c.RepositoryConfigurationDelegate - Bootstrapping Spring Data repositories in DEFAULT mode.
2018-12-07 13:05:50 [restartedMain] INFO  o.s.d.r.c.RepositoryConfigurationDelegate - Finished Spring Data repository scanning in 76ms. Found 2 repository interfaces.
2018-12-07 13:05:51 [restartedMain] INFO  o.s.c.s.PostProcessorRegistrationDelegate$BeanPostProcessorChecker - Bean 'org.springframework.transaction.annotation.ProxyTransactionManagementConfiguration' of type [org.springframework.transaction.annotation.ProxyTransactionManagementConfiguration$$EnhancerBySpringCGLIB$$b3d3a87c] is not eligible for getting processed by all BeanPostProcessors (for example: not eligible for auto-proxying)
2018-12-07 13:05:51 [restartedMain] INFO  o.s.c.s.PostProcessorRegistrationDelegate$BeanPostProcessorChecker - Bean 'org.springframework.hateoas.config.HateoasConfiguration' of type [org.springframework.hateoas.config.HateoasConfiguration$$EnhancerBySpringCGLIB$$3353f5ae] is not eligible for getting processed by all BeanPostProcessors (for example: not eligible for auto-proxying)
2018-12-07 13:05:51 [restartedMain] INFO  o.s.b.w.e.tomcat.TomcatWebServer - Tomcat initialized with port(s): 8080 (http)
2018-12-07 13:05:51 [restartedMain] INFO  o.a.catalina.core.StandardService - Starting service [Tomcat]
2018-12-07 13:05:51 [restartedMain] INFO  o.a.catalina.core.StandardEngine - Starting Servlet Engine: Apache Tomcat/9.0.12
2018-12-07 13:05:51 [restartedMain] INFO  o.a.c.core.AprLifecycleListener - The APR based Apache Tomcat Native library which allows optimal performance in production environments was not found on the java.library.path: [/Users/srikeshnagoji/Library/Java/Extensions:/Library/Java/Extensions:/Network/Library/Java/Extensions:/System/Library/Java/Extensions:/usr/lib/java:.]
2018-12-07 13:05:52 [restartedMain] INFO  o.a.c.c.C.[Tomcat].[localhost].[/] - Initializing Spring embedded WebApplicationContext
2018-12-07 13:05:52 [restartedMain] INFO  o.s.web.context.ContextLoader - Root WebApplicationContext: initialization completed in 2690 ms
2018-12-07 13:05:52 [restartedMain] INFO  o.s.b.w.s.ServletRegistrationBean - Servlet dispatcherServlet mapped to [/]
2018-12-07 13:05:52 [restartedMain] INFO  o.s.b.w.s.ServletRegistrationBean - Servlet webServlet mapped to [/h2-console/*]
2018-12-07 13:05:52 [restartedMain] INFO  o.s.b.w.s.FilterRegistrationBean - Mapping filter: 'characterEncodingFilter' to: [/*]
2018-12-07 13:05:52 [restartedMain] INFO  o.s.b.w.s.FilterRegistrationBean - Mapping filter: 'hiddenHttpMethodFilter' to: [/*]
2018-12-07 13:05:52 [restartedMain] INFO  o.s.b.w.s.FilterRegistrationBean - Mapping filter: 'formContentFilter' to: [/*]
2018-12-07 13:05:52 [restartedMain] INFO  o.s.b.w.s.FilterRegistrationBean - Mapping filter: 'requestContextFilter' to: [/*]
2018-12-07 13:05:52 [restartedMain] INFO  com.zaxxer.hikari.HikariDataSource - HikariPool-1 - Starting...
2018-12-07 13:05:52 [restartedMain] INFO  com.zaxxer.hikari.HikariDataSource - HikariPool-1 - Start completed.
2018-12-07 13:05:52 [restartedMain] INFO  o.h.jpa.internal.util.LogHelper - HHH000204: Processing PersistenceUnitInfo [
	name: default
	...]
2018-12-07 13:05:52 [restartedMain] INFO  org.hibernate.Version - HHH000412: Hibernate Core {5.3.7.Final}
2018-12-07 13:05:52 [restartedMain] INFO  org.hibernate.cfg.Environment - HHH000206: hibernate.properties not found
2018-12-07 13:05:52 [restartedMain] INFO  o.h.annotations.common.Version - HCANN000001: Hibernate Commons Annotations {5.0.4.Final}
2018-12-07 13:05:53 [restartedMain] INFO  org.hibernate.dialect.Dialect - HHH000400: Using dialect: org.hibernate.dialect.H2Dialect
2018-12-07 13:05:53 [restartedMain] INFO  o.s.o.j.LocalContainerEntityManagerFactoryBean - Initialized JPA EntityManagerFactory for persistence unit 'default'
2018-12-07 13:05:53 [restartedMain] INFO  o.s.b.d.a.OptionalLiveReloadServer - LiveReload server is running on port 35729
2018-12-07 13:05:55 [restartedMain] WARN  o.s.b.a.o.j.JpaBaseConfiguration$JpaWebConfiguration$JpaWebMvcConfiguration - spring.jpa.open-in-view is enabled by default. Therefore, database queries may be performed during view rendering. Explicitly configure spring.jpa.open-in-view to disable this warning
2018-12-07 13:05:55 [restartedMain] INFO  s.d.s.w.PropertySourcedRequestMappingHandlerMapping - Mapped URL path [/v2/api-docs] onto method [public org.springframework.http.ResponseEntity<springfox.documentation.spring.web.json.Json> springfox.documentation.swagger2.web.Swagger2Controller.getDocumentation(java.lang.String,javax.servlet.http.HttpServletRequest)]
2018-12-07 13:05:55 [restartedMain] INFO  o.s.s.c.ThreadPoolTaskExecutor - Initializing ExecutorService 'applicationTaskExecutor'
2018-12-07 13:05:56 [restartedMain] INFO  s.d.s.w.p.DocumentationPluginsBootstrapper - Context refreshed
2018-12-07 13:05:56 [restartedMain] INFO  s.d.s.w.p.DocumentationPluginsBootstrapper - Found 1 custom documentation plugin(s)
2018-12-07 13:05:56 [restartedMain] INFO  s.d.s.w.s.ApiListingReferenceScanner - Scanning for api listing references
2018-12-07 13:05:57 [restartedMain] INFO  s.d.s.w.r.o.CachingOperationNameGenerator - Generating unique operation named: findAllByAdvPredicateUsingGET_1
2018-12-07 13:05:57 [restartedMain] INFO  o.s.b.w.e.tomcat.TomcatWebServer - Tomcat started on port(s): 8080 (http) with context path ''
2018-12-07 13:05:57 [restartedMain] INFO  com.example.demo.AppApplication - Started AppApplication in 8.32 seconds (JVM running for 9.524)
2018-12-07 13:05:57 [restartedMain] ERROR com.example.demo.AppApplication - Message logged at ERROR level
2018-12-07 13:05:57 [restartedMain] WARN  com.example.demo.AppApplication - Message logged at WARN level
2018-12-07 13:05:57 [restartedMain] INFO  com.example.demo.AppApplication - Message logged at INFO level
2018-12-07 13:06:58 [http-nio-8080-exec-2] INFO  o.a.c.c.C.[Tomcat].[localhost].[/] - Initializing Spring DispatcherServlet 'dispatcherServlet'
2018-12-07 13:06:58 [http-nio-8080-exec-2] INFO  o.s.web.servlet.DispatcherServlet - Initializing Servlet 'dispatcherServlet'
2018-12-07 13:06:58 [http-nio-8080-exec-2] INFO  o.s.web.servlet.DispatcherServlet - Completed initialization in 34 ms
2018-12-07 13:06:59 [http-nio-8080-exec-2] INFO  o.h.h.i.QueryTranslatorFactoryInitiator - HHH000397: Using ASTQueryTranslatorFactory
2018-12-07 13:10:01 [Thread-5] INFO  o.s.s.c.ThreadPoolTaskExecutor - Shutting down ExecutorService 'applicationTaskExecutor'
2018-12-07 13:10:01 [Thread-5] INFO  o.s.o.j.LocalContainerEntityManagerFactoryBean - Closing JPA EntityManagerFactory for persistence unit 'default'
2018-12-07 13:10:01 [Thread-5] INFO  com.zaxxer.hikari.HikariDataSource - HikariPool-1 - Shutdown initiated...
2018-12-07 13:10:01 [Thread-5] INFO  com.zaxxer.hikari.HikariDataSource - HikariPool-1 - Shutdown completed.
2018-12-07 13:10:07 [restartedMain] INFO  com.example.demo.AppApplication - Starting AppApplication on Srikeshs-MBP with PID 2734 (/Users/srikeshnagoji/Documents/javaworkspace/app/target/classes started by srikeshnagoji in /Users/srikeshnagoji/Documents/javaworkspace/app)
2018-12-07 13:10:07 [restartedMain] INFO  com.example.demo.AppApplication - No active profile set, falling back to default profiles: default
2018-12-07 13:10:07 [restartedMain] INFO  o.s.b.d.e.DevToolsPropertyDefaultsPostProcessor - Devtools property defaults active! Set 'spring.devtools.add-properties' to 'false' to disable
2018-12-07 13:10:07 [restartedMain] INFO  o.s.b.d.e.DevToolsPropertyDefaultsPostProcessor - For additional web related logging consider setting the 'logging.level.web' property to 'DEBUG'
2018-12-07 13:10:09 [restartedMain] INFO  o.s.d.r.c.RepositoryConfigurationDelegate - Bootstrapping Spring Data repositories in DEFAULT mode.
2018-12-07 13:10:09 [restartedMain] INFO  o.s.d.r.c.RepositoryConfigurationDelegate - Finished Spring Data repository scanning in 87ms. Found 2 repository interfaces.
2018-12-07 13:10:09 [restartedMain] INFO  o.s.c.s.PostProcessorRegistrationDelegate$BeanPostProcessorChecker - Bean 'org.springframework.transaction.annotation.ProxyTransactionManagementConfiguration' of type [org.springframework.transaction.annotation.ProxyTransactionManagementConfiguration$$EnhancerBySpringCGLIB$$8bb336f] is not eligible for getting processed by all BeanPostProcessors (for example: not eligible for auto-proxying)
2018-12-07 13:10:09 [restartedMain] INFO  o.s.c.s.PostProcessorRegistrationDelegate$BeanPostProcessorChecker - Bean 'org.springframework.hateoas.config.HateoasConfiguration' of type [org.springframework.hateoas.config.HateoasConfiguration$$EnhancerBySpringCGLIB$$883b80a1] is not eligible for getting processed by all BeanPostProcessors (for example: not eligible for auto-proxying)
2018-12-07 13:10:10 [restartedMain] INFO  o.s.b.w.e.tomcat.TomcatWebServer - Tomcat initialized with port(s): 8080 (http)
2018-12-07 13:10:10 [restartedMain] INFO  o.a.catalina.core.StandardService - Starting service [Tomcat]
2018-12-07 13:10:10 [restartedMain] INFO  o.a.catalina.core.StandardEngine - Starting Servlet Engine: Apache Tomcat/9.0.12
2018-12-07 13:10:10 [restartedMain] INFO  o.a.c.core.AprLifecycleListener - The APR based Apache Tomcat Native library which allows optimal performance in production environments was not found on the java.library.path: [/Users/srikeshnagoji/Library/Java/Extensions:/Library/Java/Extensions:/Network/Library/Java/Extensions:/System/Library/Java/Extensions:/usr/lib/java:.]
2018-12-07 13:10:10 [restartedMain] INFO  o.a.c.c.C.[Tomcat].[localhost].[/] - Initializing Spring embedded WebApplicationContext
2018-12-07 13:10:10 [restartedMain] INFO  o.s.web.context.ContextLoader - Root WebApplicationContext: initialization completed in 3014 ms
2018-12-07 13:10:10 [restartedMain] INFO  o.s.b.w.s.ServletRegistrationBean - Servlet dispatcherServlet mapped to [/]
2018-12-07 13:10:10 [restartedMain] INFO  o.s.b.w.s.ServletRegistrationBean - Servlet webServlet mapped to [/h2-console/*]
2018-12-07 13:10:10 [restartedMain] INFO  o.s.b.w.s.FilterRegistrationBean - Mapping filter: 'characterEncodingFilter' to: [/*]
2018-12-07 13:10:10 [restartedMain] INFO  o.s.b.w.s.FilterRegistrationBean - Mapping filter: 'hiddenHttpMethodFilter' to: [/*]
2018-12-07 13:10:10 [restartedMain] INFO  o.s.b.w.s.FilterRegistrationBean - Mapping filter: 'formContentFilter' to: [/*]
2018-12-07 13:10:10 [restartedMain] INFO  o.s.b.w.s.FilterRegistrationBean - Mapping filter: 'requestContextFilter' to: [/*]
2018-12-07 13:10:11 [restartedMain] INFO  com.zaxxer.hikari.HikariDataSource - HikariPool-1 - Starting...
2018-12-07 13:10:11 [restartedMain] INFO  com.zaxxer.hikari.HikariDataSource - HikariPool-1 - Start completed.
2018-12-07 13:10:11 [restartedMain] INFO  o.h.jpa.internal.util.LogHelper - HHH000204: Processing PersistenceUnitInfo [
	name: default
	...]
2018-12-07 13:10:11 [restartedMain] INFO  org.hibernate.Version - HHH000412: Hibernate Core {5.3.7.Final}
2018-12-07 13:10:11 [restartedMain] INFO  org.hibernate.cfg.Environment - HHH000206: hibernate.properties not found
2018-12-07 13:10:11 [restartedMain] INFO  o.h.annotations.common.Version - HCANN000001: Hibernate Commons Annotations {5.0.4.Final}
2018-12-07 13:10:11 [restartedMain] INFO  org.hibernate.dialect.Dialect - HHH000400: Using dialect: org.hibernate.dialect.H2Dialect
2018-12-07 13:10:12 [restartedMain] INFO  o.s.o.j.LocalContainerEntityManagerFactoryBean - Initialized JPA EntityManagerFactory for persistence unit 'default'
2018-12-07 13:10:12 [restartedMain] INFO  o.s.b.d.a.OptionalLiveReloadServer - LiveReload server is running on port 35729
2018-12-07 13:10:13 [restartedMain] WARN  o.s.b.a.o.j.JpaBaseConfiguration$JpaWebConfiguration$JpaWebMvcConfiguration - spring.jpa.open-in-view is enabled by default. Therefore, database queries may be performed during view rendering. Explicitly configure spring.jpa.open-in-view to disable this warning
2018-12-07 13:10:14 [restartedMain] INFO  s.d.s.w.PropertySourcedRequestMappingHandlerMapping - Mapped URL path [/v2/api-docs] onto method [public org.springframework.http.ResponseEntity<springfox.documentation.spring.web.json.Json> springfox.documentation.swagger2.web.Swagger2Controller.getDocumentation(java.lang.String,javax.servlet.http.HttpServletRequest)]
2018-12-07 13:10:14 [restartedMain] INFO  o.s.s.c.ThreadPoolTaskExecutor - Initializing ExecutorService 'applicationTaskExecutor'
2018-12-07 13:10:15 [restartedMain] INFO  s.d.s.w.p.DocumentationPluginsBootstrapper - Context refreshed
2018-12-07 13:10:15 [restartedMain] INFO  s.d.s.w.p.DocumentationPluginsBootstrapper - Found 1 custom documentation plugin(s)
2018-12-07 13:10:15 [restartedMain] INFO  s.d.s.w.s.ApiListingReferenceScanner - Scanning for api listing references
2018-12-07 13:10:15 [restartedMain] INFO  s.d.s.w.r.o.CachingOperationNameGenerator - Generating unique operation named: findAllByAdvPredicateUsingGET_1
2018-12-07 13:10:15 [restartedMain] INFO  o.s.b.w.e.tomcat.TomcatWebServer - Tomcat started on port(s): 8080 (http) with context path ''
2018-12-07 13:10:15 [restartedMain] INFO  com.example.demo.AppApplication - Started AppApplication in 8.175 seconds (JVM running for 10.217)
2018-12-07 13:10:15 [restartedMain] ERROR com.example.demo.AppApplication - Message logged at ERROR level
2018-12-07 13:10:15 [restartedMain] WARN  com.example.demo.AppApplication - Message logged at WARN level
2018-12-07 13:10:15 [restartedMain] INFO  com.example.demo.AppApplication - Message logged at INFO level
2018-12-07 13:10:38 [http-nio-8080-exec-1] INFO  o.a.c.c.C.[Tomcat].[localhost].[/] - Initializing Spring DispatcherServlet 'dispatcherServlet'
2018-12-07 13:10:38 [http-nio-8080-exec-1] INFO  o.s.web.servlet.DispatcherServlet - Initializing Servlet 'dispatcherServlet'
2018-12-07 13:10:38 [http-nio-8080-exec-1] INFO  o.s.web.servlet.DispatcherServlet - Completed initialization in 24 ms
2018-12-07 13:10:38 [http-nio-8080-exec-1] INFO  o.h.h.i.QueryTranslatorFactoryInitiator - HHH000397: Using ASTQueryTranslatorFactory
2018-12-07 13:11:07 [Thread-5] INFO  o.s.s.c.ThreadPoolTaskExecutor - Shutting down ExecutorService 'applicationTaskExecutor'
2018-12-07 13:11:07 [Thread-5] INFO  o.s.o.j.LocalContainerEntityManagerFactoryBean - Closing JPA EntityManagerFactory for persistence unit 'default'
2018-12-07 13:11:07 [Thread-5] INFO  com.zaxxer.hikari.HikariDataSource - HikariPool-1 - Shutdown initiated...
2018-12-07 13:11:07 [Thread-5] INFO  com.zaxxer.hikari.HikariDataSource - HikariPool-1 - Shutdown completed.
2018-12-07 13:11:07 [restartedMain] INFO  com.example.demo.AppApplication - Starting AppApplication on Srikeshs-MBP with PID 2734 (/Users/srikeshnagoji/Documents/javaworkspace/app/target/classes started by srikeshnagoji in /Users/srikeshnagoji/Documents/javaworkspace/app)
2018-12-07 13:11:07 [restartedMain] INFO  com.example.demo.AppApplication - No active profile set, falling back to default profiles: default
2018-12-07 13:11:08 [restartedMain] INFO  o.s.d.r.c.RepositoryConfigurationDelegate - Bootstrapping Spring Data repositories in DEFAULT mode.
2018-12-07 13:11:08 [restartedMain] INFO  o.s.d.r.c.RepositoryConfigurationDelegate - Finished Spring Data repository scanning in 14ms. Found 2 repository interfaces.
2018-12-07 13:11:08 [restartedMain] INFO  o.s.c.s.PostProcessorRegistrationDelegate$BeanPostProcessorChecker - Bean 'org.springframework.transaction.annotation.ProxyTransactionManagementConfiguration' of type [org.springframework.transaction.annotation.ProxyTransactionManagementConfiguration$$EnhancerBySpringCGLIB$$8bb336f] is not eligible for getting processed by all BeanPostProcessors (for example: not eligible for auto-proxying)
2018-12-07 13:11:08 [restartedMain] INFO  o.s.c.s.PostProcessorRegistrationDelegate$BeanPostProcessorChecker - Bean 'org.springframework.hateoas.config.HateoasConfiguration' of type [org.springframework.hateoas.config.HateoasConfiguration$$EnhancerBySpringCGLIB$$883b80a1] is not eligible for getting processed by all BeanPostProcessors (for example: not eligible for auto-proxying)
2018-12-07 13:11:08 [restartedMain] INFO  o.s.b.w.e.tomcat.TomcatWebServer - Tomcat initialized with port(s): 8080 (http)
2018-12-07 13:11:08 [restartedMain] INFO  o.a.catalina.core.StandardService - Starting service [Tomcat]
2018-12-07 13:11:08 [restartedMain] INFO  o.a.catalina.core.StandardEngine - Starting Servlet Engine: Apache Tomcat/9.0.12
2018-12-07 13:11:08 [restartedMain] INFO  o.a.c.c.C.[Tomcat].[localhost].[/] - Initializing Spring embedded WebApplicationContext
2018-12-07 13:11:08 [restartedMain] INFO  o.s.web.context.ContextLoader - Root WebApplicationContext: initialization completed in 738 ms
2018-12-07 13:11:08 [restartedMain] INFO  o.s.b.w.s.ServletRegistrationBean - Servlet dispatcherServlet mapped to [/]
2018-12-07 13:11:08 [restartedMain] INFO  o.s.b.w.s.ServletRegistrationBean - Servlet webServlet mapped to [/h2-console/*]
2018-12-07 13:11:08 [restartedMain] INFO  o.s.b.w.s.FilterRegistrationBean - Mapping filter: 'characterEncodingFilter' to: [/*]
2018-12-07 13:11:08 [restartedMain] INFO  o.s.b.w.s.FilterRegistrationBean - Mapping filter: 'hiddenHttpMethodFilter' to: [/*]
2018-12-07 13:11:08 [restartedMain] INFO  o.s.b.w.s.FilterRegistrationBean - Mapping filter: 'formContentFilter' to: [/*]
2018-12-07 13:11:08 [restartedMain] INFO  o.s.b.w.s.FilterRegistrationBean - Mapping filter: 'requestContextFilter' to: [/*]
2018-12-07 13:11:08 [restartedMain] INFO  com.zaxxer.hikari.HikariDataSource - HikariPool-2 - Starting...
2018-12-07 13:11:08 [restartedMain] INFO  com.zaxxer.hikari.HikariDataSource - HikariPool-2 - Start completed.
2018-12-07 13:11:08 [restartedMain] INFO  o.h.jpa.internal.util.LogHelper - HHH000204: Processing PersistenceUnitInfo [
	name: default
	...]
2018-12-07 13:11:08 [restartedMain] INFO  org.hibernate.dialect.Dialect - HHH000400: Using dialect: org.hibernate.dialect.H2Dialect
2018-12-07 13:11:08 [restartedMain] INFO  o.s.o.j.LocalContainerEntityManagerFactoryBean - Initialized JPA EntityManagerFactory for persistence unit 'default'
2018-12-07 13:11:08 [restartedMain] INFO  o.s.b.d.a.OptionalLiveReloadServer - LiveReload server is running on port 35729
2018-12-07 13:11:08 [restartedMain] WARN  o.s.b.a.o.j.JpaBaseConfiguration$JpaWebConfiguration$JpaWebMvcConfiguration - spring.jpa.open-in-view is enabled by default. Therefore, database queries may be performed during view rendering. Explicitly configure spring.jpa.open-in-view to disable this warning
2018-12-07 13:11:09 [restartedMain] INFO  s.d.s.w.PropertySourcedRequestMappingHandlerMapping - Mapped URL path [/v2/api-docs] onto method [public org.springframework.http.ResponseEntity<springfox.documentation.spring.web.json.Json> springfox.documentation.swagger2.web.Swagger2Controller.getDocumentation(java.lang.String,javax.servlet.http.HttpServletRequest)]
2018-12-07 13:11:09 [restartedMain] INFO  o.s.s.c.ThreadPoolTaskExecutor - Initializing ExecutorService 'applicationTaskExecutor'
2018-12-07 13:11:09 [restartedMain] INFO  s.d.s.w.p.DocumentationPluginsBootstrapper - Context refreshed
2018-12-07 13:11:09 [restartedMain] INFO  s.d.s.w.p.DocumentationPluginsBootstrapper - Found 1 custom documentation plugin(s)
2018-12-07 13:11:09 [restartedMain] INFO  s.d.s.w.s.ApiListingReferenceScanner - Scanning for api listing references
2018-12-07 13:11:09 [restartedMain] INFO  s.d.s.w.r.o.CachingOperationNameGenerator - Generating unique operation named: findAllByAdvPredicateUsingGET_1
2018-12-07 13:11:09 [restartedMain] INFO  o.s.b.w.e.tomcat.TomcatWebServer - Tomcat started on port(s): 8080 (http) with context path ''
2018-12-07 13:11:09 [restartedMain] INFO  com.example.demo.AppApplication - Started AppApplication in 1.848 seconds (JVM running for 64.33)
2018-12-07 13:11:09 [restartedMain] INFO  o.s.b.d.a.ConditionEvaluationDeltaLoggingListener - Condition evaluation unchanged
2018-12-07 13:11:09 [restartedMain] ERROR com.example.demo.AppApplication - Message logged at ERROR level
2018-12-07 13:11:09 [restartedMain] WARN  com.example.demo.AppApplication - Message logged at WARN level
2018-12-07 13:11:09 [restartedMain] INFO  com.example.demo.AppApplication - Message logged at INFO level
2018-12-07 13:13:00 [Thread-10] INFO  o.s.s.c.ThreadPoolTaskExecutor - Shutting down ExecutorService 'applicationTaskExecutor'
2018-12-07 13:13:00 [Thread-10] INFO  o.s.o.j.LocalContainerEntityManagerFactoryBean - Closing JPA EntityManagerFactory for persistence unit 'default'
2018-12-07 13:13:00 [Thread-10] INFO  com.zaxxer.hikari.HikariDataSource - HikariPool-2 - Shutdown initiated...
2018-12-07 13:13:00 [Thread-10] INFO  com.zaxxer.hikari.HikariDataSource - HikariPool-2 - Shutdown completed.
2018-12-07 13:13:02 [restartedMain] INFO  com.example.demo.AppApplication - Starting AppApplication on Srikeshs-MBP with PID 2734 (/Users/srikeshnagoji/Documents/javaworkspace/app/target/classes started by srikeshnagoji in /Users/srikeshnagoji/Documents/javaworkspace/app)
2018-12-07 13:13:02 [restartedMain] INFO  com.example.demo.AppApplication - No active profile set, falling back to default profiles: default
2018-12-07 13:13:12 [restartedMain] INFO  com.example.demo.AppApplication - Starting AppApplication on Srikeshs-MBP with PID 2767 (/Users/srikeshnagoji/Documents/javaworkspace/app/target/classes started by srikeshnagoji in /Users/srikeshnagoji/Documents/javaworkspace/app)
2018-12-07 13:13:12 [restartedMain] INFO  com.example.demo.AppApplication - No active profile set, falling back to default profiles: default
2018-12-07 13:13:12 [restartedMain] INFO  o.s.b.d.e.DevToolsPropertyDefaultsPostProcessor - Devtools property defaults active! Set 'spring.devtools.add-properties' to 'false' to disable
2018-12-07 13:13:12 [restartedMain] INFO  o.s.b.d.e.DevToolsPropertyDefaultsPostProcessor - For additional web related logging consider setting the 'logging.level.web' property to 'DEBUG'
2018-12-07 13:13:15 [restartedMain] INFO  o.s.d.r.c.RepositoryConfigurationDelegate - Bootstrapping Spring Data repositories in DEFAULT mode.
2018-12-07 13:13:15 [restartedMain] INFO  o.s.d.r.c.RepositoryConfigurationDelegate - Finished Spring Data repository scanning in 205ms. Found 2 repository interfaces.
2018-12-07 13:13:16 [restartedMain] INFO  o.s.c.s.PostProcessorRegistrationDelegate$BeanPostProcessorChecker - Bean 'org.springframework.transaction.annotation.ProxyTransactionManagementConfiguration' of type [org.springframework.transaction.annotation.ProxyTransactionManagementConfiguration$$EnhancerBySpringCGLIB$$5cc2388d] is not eligible for getting processed by all BeanPostProcessors (for example: not eligible for auto-proxying)
2018-12-07 13:13:16 [restartedMain] INFO  o.s.c.s.PostProcessorRegistrationDelegate$BeanPostProcessorChecker - Bean 'org.springframework.hateoas.config.HateoasConfiguration' of type [org.springframework.hateoas.config.HateoasConfiguration$$EnhancerBySpringCGLIB$$dc4285bf] is not eligible for getting processed by all BeanPostProcessors (for example: not eligible for auto-proxying)
2018-12-07 13:13:17 [restartedMain] INFO  o.s.b.w.e.tomcat.TomcatWebServer - Tomcat initialized with port(s): 8080 (http)
2018-12-07 13:13:17 [restartedMain] INFO  o.a.catalina.core.StandardService - Starting service [Tomcat]
2018-12-07 13:13:17 [restartedMain] INFO  o.a.catalina.core.StandardEngine - Starting Servlet Engine: Apache Tomcat/9.0.12
2018-12-07 13:13:17 [restartedMain] INFO  o.a.c.core.AprLifecycleListener - The APR based Apache Tomcat Native library which allows optimal performance in production environments was not found on the java.library.path: [/Users/srikeshnagoji/Library/Java/Extensions:/Library/Java/Extensions:/Network/Library/Java/Extensions:/System/Library/Java/Extensions:/usr/lib/java:.]
2018-12-07 13:13:17 [restartedMain] INFO  o.a.c.c.C.[Tomcat].[localhost].[/] - Initializing Spring embedded WebApplicationContext
2018-12-07 13:13:17 [restartedMain] INFO  o.s.web.context.ContextLoader - Root WebApplicationContext: initialization completed in 5619 ms
2018-12-07 13:13:18 [restartedMain] INFO  o.s.b.w.s.ServletRegistrationBean - Servlet dispatcherServlet mapped to [/]
2018-12-07 13:13:18 [restartedMain] INFO  o.s.b.w.s.ServletRegistrationBean - Servlet webServlet mapped to [/h2-console/*]
2018-12-07 13:13:18 [restartedMain] INFO  o.s.b.w.s.FilterRegistrationBean - Mapping filter: 'characterEncodingFilter' to: [/*]
2018-12-07 13:13:18 [restartedMain] INFO  o.s.b.w.s.FilterRegistrationBean - Mapping filter: 'hiddenHttpMethodFilter' to: [/*]
2018-12-07 13:13:18 [restartedMain] INFO  o.s.b.w.s.FilterRegistrationBean - Mapping filter: 'formContentFilter' to: [/*]
2018-12-07 13:13:18 [restartedMain] INFO  o.s.b.w.s.FilterRegistrationBean - Mapping filter: 'requestContextFilter' to: [/*]
2018-12-07 13:13:18 [restartedMain] INFO  com.zaxxer.hikari.HikariDataSource - HikariPool-1 - Starting...
2018-12-07 13:13:19 [restartedMain] INFO  com.zaxxer.hikari.HikariDataSource - HikariPool-1 - Start completed.
2018-12-07 13:13:19 [restartedMain] INFO  o.h.jpa.internal.util.LogHelper - HHH000204: Processing PersistenceUnitInfo [
	name: default
	...]
2018-12-07 13:13:19 [restartedMain] INFO  org.hibernate.Version - HHH000412: Hibernate Core {5.3.7.Final}
2018-12-07 13:13:19 [restartedMain] INFO  org.hibernate.cfg.Environment - HHH000206: hibernate.properties not found
2018-12-07 13:13:20 [restartedMain] INFO  o.h.annotations.common.Version - HCANN000001: Hibernate Commons Annotations {5.0.4.Final}
2018-12-07 13:13:20 [restartedMain] INFO  org.hibernate.dialect.Dialect - HHH000400: Using dialect: org.hibernate.dialect.H2Dialect
2018-12-07 13:13:25 [restartedMain] INFO  o.s.o.j.LocalContainerEntityManagerFactoryBean - Initialized JPA EntityManagerFactory for persistence unit 'default'
2018-12-07 13:13:25 [restartedMain] INFO  o.s.b.d.a.OptionalLiveReloadServer - LiveReload server is running on port 35729
2018-12-07 13:13:28 [restartedMain] WARN  o.s.b.a.o.j.JpaBaseConfiguration$JpaWebConfiguration$JpaWebMvcConfiguration - spring.jpa.open-in-view is enabled by default. Therefore, database queries may be performed during view rendering. Explicitly configure spring.jpa.open-in-view to disable this warning
2018-12-07 13:13:29 [restartedMain] INFO  s.d.s.w.PropertySourcedRequestMappingHandlerMapping - Mapped URL path [/v2/api-docs] onto method [public org.springframework.http.ResponseEntity<springfox.documentation.spring.web.json.Json> springfox.documentation.swagger2.web.Swagger2Controller.getDocumentation(java.lang.String,javax.servlet.http.HttpServletRequest)]
2018-12-07 13:13:30 [restartedMain] INFO  o.s.s.c.ThreadPoolTaskExecutor - Initializing ExecutorService 'applicationTaskExecutor'
2018-12-07 13:13:33 [restartedMain] INFO  s.d.s.w.p.DocumentationPluginsBootstrapper - Context refreshed
2018-12-07 13:13:33 [restartedMain] INFO  s.d.s.w.p.DocumentationPluginsBootstrapper - Found 1 custom documentation plugin(s)
2018-12-07 13:13:33 [restartedMain] INFO  s.d.s.w.s.ApiListingReferenceScanner - Scanning for api listing references
2018-12-07 13:13:33 [restartedMain] INFO  s.d.s.w.r.o.CachingOperationNameGenerator - Generating unique operation named: findAllByAdvPredicateUsingGET_1
2018-12-07 13:13:34 [restartedMain] INFO  o.s.b.w.e.tomcat.TomcatWebServer - Tomcat started on port(s): 8080 (http) with context path ''
2018-12-07 13:13:34 [restartedMain] INFO  com.example.demo.AppApplication - Started AppApplication in 23.801 seconds (JVM running for 26.369)
2018-12-07 13:13:34 [restartedMain] ERROR com.example.demo.AppApplication - Message logged at ERROR level
2018-12-07 13:13:34 [restartedMain] WARN  com.example.demo.AppApplication - Message logged at WARN level
2018-12-07 13:13:34 [restartedMain] INFO  com.example.demo.AppApplication - Message logged at INFO level
2018-12-07 13:13:44 [http-nio-8080-exec-1] INFO  o.a.c.c.C.[Tomcat].[localhost].[/] - Initializing Spring DispatcherServlet 'dispatcherServlet'
2018-12-07 13:13:44 [http-nio-8080-exec-1] INFO  o.s.web.servlet.DispatcherServlet - Initializing Servlet 'dispatcherServlet'
2018-12-07 13:13:44 [http-nio-8080-exec-1] INFO  o.s.web.servlet.DispatcherServlet - Completed initialization in 40 ms
2018-12-07 13:13:45 [http-nio-8080-exec-1] INFO  o.h.h.i.QueryTranslatorFactoryInitiator - HHH000397: Using ASTQueryTranslatorFactory
2018-12-07 13:13:46 [http-nio-8080-exec-1] DEBUG org.hibernate.SQL - select employee0_.empid as empid1_1_, employee0_.city as city2_1_, employee0_.country as country3_1_, employee0_.deptid as deptid10_1_, employee0_.designation as designat4_1_, employee0_.doj as doj5_1_, employee0_.empname as empname6_1_, employee0_.grade as grade7_1_, employee0_.salary as salary8_1_, employee0_.skill as skill9_1_ from employee employee0_ where (employee0_.designation like ?) and (employee0_.country=? or employee0_.city=? or employee0_.empname=?) order by employee0_.empname desc limit ?
2018-12-07 13:13:46 [http-nio-8080-exec-1] TRACE o.h.type.descriptor.sql.BasicBinder - binding parameter [1] as [VARCHAR] - [%per]
2018-12-07 13:13:46 [http-nio-8080-exec-1] TRACE o.h.type.descriptor.sql.BasicBinder - binding parameter [2] as [VARCHAR] - [india]
2018-12-07 13:13:46 [http-nio-8080-exec-1] TRACE o.h.type.descriptor.sql.BasicBinder - binding parameter [3] as [VARCHAR] - [florida]
2018-12-07 13:13:46 [http-nio-8080-exec-1] TRACE o.h.type.descriptor.sql.BasicBinder - binding parameter [4] as [VARCHAR] - [thor]
2018-12-07 13:13:46 [http-nio-8080-exec-1] DEBUG org.hibernate.SQL - select department0_.deptid as deptid1_0_0_, department0_.deptheadid as depthead3_0_0_, department0_.deptname as deptname2_0_0_, employee1_.empid as empid1_1_1_, employee1_.city as city2_1_1_, employee1_.country as country3_1_1_, employee1_.deptid as deptid10_1_1_, employee1_.designation as designat4_1_1_, employee1_.doj as doj5_1_1_, employee1_.empname as empname6_1_1_, employee1_.grade as grade7_1_1_, employee1_.salary as salary8_1_1_, employee1_.skill as skill9_1_1_, department2_.deptid as deptid1_0_2_, department2_.deptheadid as depthead3_0_2_, department2_.deptname as deptname2_0_2_ from department department0_ left outer join employee employee1_ on department0_.deptheadid=employee1_.empid left outer join department department2_ on employee1_.deptid=department2_.deptid where department0_.deptid=?
2018-12-07 13:13:46 [http-nio-8080-exec-1] TRACE o.h.type.descriptor.sql.BasicBinder - binding parameter [1] as [INTEGER] - [1]
2018-12-07 13:14:03 [RMI TCP Connection(2)-127.0.0.1] INFO  o.s.b.a.SpringApplicationAdminMXBeanRegistrar$SpringApplicationAdmin - Application shutdown requested.
2018-12-07 13:14:03 [RMI TCP Connection(2)-127.0.0.1] INFO  o.s.s.c.ThreadPoolTaskExecutor - Shutting down ExecutorService 'applicationTaskExecutor'
2018-12-07 13:14:03 [RMI TCP Connection(2)-127.0.0.1] INFO  o.s.o.j.LocalContainerEntityManagerFactoryBean - Closing JPA EntityManagerFactory for persistence unit 'default'
2018-12-07 13:14:03 [RMI TCP Connection(2)-127.0.0.1] INFO  com.zaxxer.hikari.HikariDataSource - HikariPool-1 - Shutdown initiated...
2018-12-07 13:14:03 [RMI TCP Connection(2)-127.0.0.1] INFO  com.zaxxer.hikari.HikariDataSource - HikariPool-1 - Shutdown completed.
